This is pdfTeX, Version 3.1415926-2.4-1.40.13 (TeX Live 2012) (format=pdflatex 2012.6.30)  29 APR 2015 10:20
entering extended mode
 restricted \write18 enabled.
 %&-line parsing enabled.
**pgap.tex
(./pgap.tex
LaTeX2e <2011/06/27>
Babel <v3.8m> and hyphenation patterns for english, dumylang, nohyphenation, ge
rman-x-2012-05-30, ngerman-x-2012-05-30, afrikaans, ancientgreek, ibycus, arabi
c, armenian, basque, bulgarian, catalan, pinyin, coptic, croatian, czech, danis
h, dutch, ukenglish, usenglishmax, esperanto, estonian, ethiopic, farsi, finnis
h, french, friulan, galician, german, ngerman, swissgerman, monogreek, greek, h
ungarian, icelandic, assamese, bengali, gujarati, hindi, kannada, malayalam, ma
rathi, oriya, panjabi, tamil, telugu, indonesian, interlingua, irish, italian, 
kurmanji, latin, latvian, lithuanian, mongolian, mongolianlmc, bokmal, nynorsk,
 polish, portuguese, romanian, romansh, russian, sanskrit, serbian, serbianc, s
lovak, slovenian, spanish, swedish, turkish, turkmen, ukrainian, uppersorbian, 
welsh, loaded.
(./mn2e.cls
Document Class: mn2e 2001/02/06 v2.2 LaTeX2e MN document class
Document Style `MN' v2.2, released 2001 February 20
(/usr/local/texlive/2012/texmf-dist/tex/latex/graphics/graphicx.sty
Package: graphicx 1999/02/16 v1.0f Enhanced LaTeX Graphics (DPC,SPQR)

(/usr/local/texlive/2012/texmf-dist/tex/latex/graphics/keyval.sty
Package: keyval 1999/03/16 v1.13 key=value parser (DPC)
\KV@toks@=\toks14
)
(/usr/local/texlive/2012/texmf-dist/tex/latex/graphics/graphics.sty
Package: graphics 2009/02/05 v1.0o Standard LaTeX Graphics (DPC,SPQR)

(/usr/local/texlive/2012/texmf-dist/tex/latex/graphics/trig.sty
Package: trig 1999/03/16 v1.09 sin cos tan (DPC)
)
(/usr/local/texlive/2012/texmf-dist/tex/latex/latexconfig/graphics.cfg
File: graphics.cfg 2010/04/23 v1.9 graphics configuration of TeX Live
)
Package graphics Info: Driver file: dvips.def on input line 91.

(/usr/local/texlive/2012/texmf-dist/tex/latex/graphics/dvips.def
File: dvips.def 1999/02/16 v3.0i Driver-dependant file (DPC,SPQR)
))
\Gin@req@height=\dimen102
\Gin@req@width=\dimen103
)
\math@groups=\toks15
LaTeX Font Info:    Overwriting symbol font `symbols' in version `bold'
(Font)                  OMS/cmsy/b/n --> OMS/cmsy/b/n on input line 223.
\symbmisymbols=\mathgroup4
\SFB@measure=\dimen104
\realparindent=\skip41
\c@part=\count79
\c@section=\count80
\c@subsection=\count81
\c@subsubsection=\count82
\c@paragraph=\count83
\c@subparagraph=\count84
\@indentskip=\skip42
\smallindent=\skip43
\@footindent=\skip44
\@leftskip=\skip45
\c@dummy=\count85

(/usr/local/texlive/2012/texmf-dist/tex/latex/natbib/natbib.sty
Package: natbib 2010/09/13 8.31b (PWD, AO)
\bibhang=\skip46
\bibsep=\skip47
LaTeX Info: Redefining \cite on input line 694.
\c@NAT@ctr=\count86
)
\c@table=\count87
\c@figure=\count88
\mathindent=\dimen105
)
(/usr/local/texlive/2012/texmf-dist/tex/latex/geometry/geometry.sty
Package: geometry 2010/09/12 v5.6 Page Geometry

(/usr/local/texlive/2012/texmf-dist/tex/generic/oberdiek/ifpdf.sty
Package: ifpdf 2011/01/30 v2.3 Provides the ifpdf switch (HO)
Package ifpdf Info: pdfTeX in PDF mode is detected.
)
(/usr/local/texlive/2012/texmf-dist/tex/generic/oberdiek/ifvtex.sty
Package: ifvtex 2010/03/01 v1.5 Detect VTeX and its facilities (HO)
Package ifvtex Info: VTeX not detected.
)
(/usr/local/texlive/2012/texmf-dist/tex/generic/ifxetex/ifxetex.sty
Package: ifxetex 2010/09/12 v0.6 Provides ifxetex conditional
)
\Gm@cnth=\count89
\Gm@cntv=\count90
\c@Gm@tempcnt=\count91
\Gm@bindingoffset=\dimen106
\Gm@wd@mp=\dimen107
\Gm@odd@mp=\dimen108
\Gm@even@mp=\dimen109
\Gm@layoutwidth=\dimen110
\Gm@layoutheight=\dimen111
\Gm@layouthoffset=\dimen112
\Gm@layoutvoffset=\dimen113
\Gm@dimlist=\toks16
)
(/usr/local/texlive/2012/texmf-dist/tex/latex/amsfonts/amssymb.sty
Package: amssymb 2009/06/22 v3.00

(/usr/local/texlive/2012/texmf-dist/tex/latex/amsfonts/amsfonts.sty
Package: amsfonts 2009/06/22 v3.00 Basic AMSFonts support
\@emptytoks=\toks17
\symAMSa=\mathgroup5
\symAMSb=\mathgroup6
LaTeX Font Info:    Overwriting math alphabet `\mathfrak' in version `bold'
(Font)                  U/euf/m/n --> U/euf/b/n on input line 96.
))
(/usr/local/texlive/2012/texmf-dist/tex/latex/graphics/epsfig.sty
Package: epsfig 1999/02/16 v1.7a (e)psfig emulation (SPQR)
\epsfxsize=\dimen114
\epsfysize=\dimen115
)
(/usr/local/texlive/2012/texmf-dist/tex/latex/amsmath/amsmath.sty
Package: amsmath 2000/07/18 v2.13 AMS math features
\@mathmargin=\skip48

For additional information on amsmath, use the `?' option.
(/usr/local/texlive/2012/texmf-dist/tex/latex/amsmath/amstext.sty
Package: amstext 2000/06/29 v2.01

(/usr/local/texlive/2012/texmf-dist/tex/latex/amsmath/amsgen.sty
File: amsgen.sty 1999/11/30 v2.0
\@emptytoks=\toks18
\ex@=\dimen116
))
(/usr/local/texlive/2012/texmf-dist/tex/latex/amsmath/amsbsy.sty
Package: amsbsy 1999/11/29 v1.2d
\pmbraise@=\dimen117
)
(/usr/local/texlive/2012/texmf-dist/tex/latex/amsmath/amsopn.sty
Package: amsopn 1999/12/14 v2.01 operator names
)
\inf@bad=\count92
LaTeX Info: Redefining \frac on input line 211.
\uproot@=\count93
\leftroot@=\count94
LaTeX Info: Redefining \overline on input line 307.
\classnum@=\count95
\DOTSCASE@=\count96
LaTeX Info: Redefining \ldots on input line 379.
LaTeX Info: Redefining \dots on input line 382.
LaTeX Info: Redefining \cdots on input line 467.
\Mathstrutbox@=\box26
\strutbox@=\box27
\big@size=\dimen118
LaTeX Font Info:    Redeclaring font encoding OML on input line 567.
LaTeX Font Info:    Redeclaring font encoding OMS on input line 568.
\macc@depth=\count97
\c@MaxMatrixCols=\count98
\dotsspace@=\muskip10
\c@parentequation=\count99
\dspbrk@lvl=\count100
\tag@help=\toks19
\row@=\count101
\column@=\count102
\maxfields@=\count103
\andhelp@=\toks20
\eqnshift@=\dimen119
\alignsep@=\dimen120
\tagshift@=\dimen121
\tagwidth@=\dimen122
\totwidth@=\dimen123
\lineht@=\dimen124
\@envbody=\toks21
\multlinegap=\skip49
\multlinetaggap=\skip50
\mathdisplay@stack=\toks22
LaTeX Info: Redefining \[ on input line 2666.
LaTeX Info: Redefining \] on input line 2667.
)

LaTeX Warning: Unused global option(s):
    [letterpaper].

(./pgap.aux)
\openout1 = `pgap.aux'.

LaTeX Font Info:    Checking defaults for OML/cmm/m/it on input line 86.
LaTeX Font Info:    ... okay on input line 86.
LaTeX Font Info:    Checking defaults for T1/cmr/m/n on input line 86.
LaTeX Font Info:    ... okay on input line 86.
LaTeX Font Info:    Checking defaults for OT1/cmr/m/n on input line 86.
LaTeX Font Info:    ... okay on input line 86.
LaTeX Font Info:    Checking defaults for OMS/cmsy/m/n on input line 86.
LaTeX Font Info:    ... okay on input line 86.
LaTeX Font Info:    Checking defaults for OMX/cmex/m/n on input line 86.
LaTeX Font Info:    ... okay on input line 86.
LaTeX Font Info:    Checking defaults for U/cmr/m/n on input line 86.
LaTeX Font Info:    ... okay on input line 86.

(/usr/local/texlive/2012/texmf-dist/tex/generic/oberdiek/pdftexcmds.sty
Package: pdftexcmds 2011/11/29 v0.20 Utility functions of pdfTeX for LuaTeX (HO
)

(/usr/local/texlive/2012/texmf-dist/tex/generic/oberdiek/infwarerr.sty
Package: infwarerr 2010/04/08 v1.3 Providing info/warning/error messages (HO)
)
(/usr/local/texlive/2012/texmf-dist/tex/generic/oberdiek/ifluatex.sty
Package: ifluatex 2010/03/01 v1.3 Provides the ifluatex switch (HO)
Package ifluatex Info: LuaTeX not detected.
)
(/usr/local/texlive/2012/texmf-dist/tex/generic/oberdiek/ltxcmds.sty
Package: ltxcmds 2011/11/09 v1.22 LaTeX kernel commands for general use (HO)
)
Package pdftexcmds Info: LuaTeX not detected.
Package pdftexcmds Info: \pdf@primitive is available.
Package pdftexcmds Info: \pdf@ifprimitive is available.
Package pdftexcmds Info: \pdfdraftmode found.
)
(/usr/local/texlive/2012/texmf-dist/tex/latex/oberdiek/epstopdf-base.sty
Package: epstopdf-base 2010/02/09 v2.5 Base part for package epstopdf

(/usr/local/texlive/2012/texmf-dist/tex/latex/oberdiek/grfext.sty
Package: grfext 2010/08/19 v1.1 Manage graphics extensions (HO)

(/usr/local/texlive/2012/texmf-dist/tex/generic/oberdiek/kvdefinekeys.sty
Package: kvdefinekeys 2011/04/07 v1.3 Define keys (HO)
))
(/usr/local/texlive/2012/texmf-dist/tex/latex/oberdiek/kvoptions.sty
Package: kvoptions 2011/06/30 v3.11 Key value format for package options (HO)

(/usr/local/texlive/2012/texmf-dist/tex/generic/oberdiek/kvsetkeys.sty
Package: kvsetkeys 2012/04/25 v1.16 Key value parser (HO)

(/usr/local/texlive/2012/texmf-dist/tex/generic/oberdiek/etexcmds.sty
Package: etexcmds 2011/02/16 v1.5 Avoid name clashes with e-TeX commands (HO)
Package etexcmds Info: Could not find \expanded.
(etexcmds)             That can mean that you are not using pdfTeX 1.50 or
(etexcmds)             that some package has redefined \expanded.
(etexcmds)             In the latter case, load this package earlier.
)))

Package epstopdf Warning: Drivers other than `pdftex.def' are not supported.

)
*geometry* driver: auto-detecting
*geometry* detected driver: pdftex
*geometry* verbose mode - [ preamble ] result:
* driver: pdftex
* paper: letterpaper
* layout: <same size as paper>
* layoutoffset:(h,v)=(0.0pt,0.0pt)
* modes: twoside 
* h-part:(L,W,R)=(53.71799pt, 480.0pt, 80.57701pt)
* v-part:(T,H,B)=(45.98798pt, 680.0pt, 68.98201pt)
* \paperwidth=614.295pt
* \paperheight=794.96999pt
* \textwidth=480.0pt
* \textheight=680.0pt
* \oddsidemargin=-18.552pt
* \evensidemargin=8.30702pt
* \topmargin=-55.28201pt
* \headheight=14.0pt
* \headsep=15.0pt
* \topskip=9.0pt
* \footskip=22.0pt
* \marginparwidth=48.0pt
* \marginparsep=6.0pt
* \columnsep=24.0pt
* \skip\footins=19.5pt plus 12.0pt minus 1.0pt
* \hoffset=0.0pt
* \voffset=0.0pt
* \mag=1000
* \@twocolumntrue
* \@twosidetrue
* \@mparswitchtrue
* \@reversemarginfalse
* (1in=72.27pt=25.4mm, 1cm=28.453pt)

LaTeX Font Info:    Try loading font information for U+msa on input line 104.
(/usr/local/texlive/2012/texmf-dist/tex/latex/amsfonts/umsa.fd
File: umsa.fd 2009/06/22 v3.00 AMS symbols A
)
LaTeX Font Info:    Try loading font information for U+msb on input line 104.

(/usr/local/texlive/2012/texmf-dist/tex/latex/amsfonts/umsb.fd
File: umsb.fd 2009/06/22 v3.00 AMS symbols B
)
Overfull \hbox (48.78847pt too wide) in paragraph at lines 104--104
[][]  
 []


Overfull \vbox (41.77504pt too high) has occurred while \output is active []



LaTeX Warning: Text page 1 contains only floats.


Overfull \vbox (50.77504pt too high) has occurred while \output is active []


Overfull \vbox (34.77504pt too high) has occurred while \output is active []

LaTeX Font Info:    Try loading font information for OMS+cmr on input line 170.


(/usr/local/texlive/2012/texmf-dist/tex/latex/base/omscmr.fd
File: omscmr.fd 1999/05/25 v2.5h Standard LaTeX font definitions
)
LaTeX Font Info:    Font shape `OMS/cmr/m/n' in size <8> not available
(Font)              Font shape `OMS/cmsy/m/n' tried instead on input line 170.
 [1{/usr/local/texlive/2012/texmf-var/fonts/map/pdftex/updmap/pdftex.map}


]

Package natbib Warning: Citation `white_rees78' on page 2 undefined on input li
ne 176.


Package natbib Warning: Citation `kravtsov_etal04' on page 2 undefined on input
 line 200.


Package natbib Warning: Citation `tasitsiomi_etal04' on page 2 undefined on inp
ut line 200.


Package natbib Warning: Citation `conroy_etal06' on page 2 undefined on input l
ine 200.


Package natbib Warning: Citation `behroozi_etal10' on page 2 undefined on input
 line 200.


Package natbib Warning: Citation `moster_etal10' on page 2 undefined on input l
ine 200.


Package natbib Warning: Citation `trujillo-gomez_etal11' on page 2 undefined on
 input line 201.


Package natbib Warning: Citation `reddick_etal12' on page 2 undefined on input 
line 202.


Package natbib Warning: Citation `yang_etal05' on page 2 undefined on input lin
e 216.


Package natbib Warning: Citation `zandivarez_etal06' on page 2 undefined on inp
ut line 216.


Package natbib Warning: Citation `robotham_etal06' on page 2 undefined on input
 line 216.


Package natbib Warning: Citation `yang_etal08' on page 2 undefined on input lin
e 216.


Package natbib Warning: Citation `yang_etal09' on page 2 undefined on input lin
e 216.


Package natbib Warning: Citation `tinker_etal11a' on page 2 undefined on input 
line 216.


Package natbib Warning: Citation `gerke_etal12' on page 2 undefined on input li
ne 216.

LaTeX Font Info:    Font shape `OMS/cmr/m/n' in size <9> not available
(Font)              Font shape `OMS/cmsy/m/n' tried instead on input line 222.

Underfull \vbox (badness 10000) has occurred while \output is active []



Package natbib Warning: Citation `berlind_etal06' on page 2 undefined on input 
line 241.


Package natbib Warning: Citation `vale_ostriker06' on page 2 undefined on input
 line 241.


Package natbib Warning: Citation `becker_etal07' on page 2 undefined on input l
ine 248.


Package natbib Warning: Citation `ponman94' on page 2 undefined on input line 2
70.


Package natbib Warning: Citation `jones_etal03' on page 2 undefined on input li
ne 270.


Package natbib Warning: Citation `donghia_etal05' on page 2 undefined on input 
line 270.


Package natbib Warning: Citation `donghia_etal07' on page 2 undefined on input 
line 270.


Package natbib Warning: Citation `dariush_etal07' on page 2 undefined on input 
line 270.


Package natbib Warning: Citation `vonbendabeckmann_etal08' on page 2 undefined 
on input line 270.


Package natbib Warning: Citation `milosavljevic_etal06' on page 2 undefined on 
input line 270.


Package natbib Warning: Citation `vikhlinin_etal99' on page 2 undefined on inpu
t line 270.


Package natbib Warning: Citation `miller_etal11' on page 2 undefined on input l
ine 270.


Package natbib Warning: Citation `labarbera_etal12' on page 2 undefined on inpu
t line 270.


Package natbib Warning: Citation `tavasoli_etal11' on page 2 undefined on input
 line 270.


Package natbib Warning: Citation `harrison_etal12' on page 2 undefined on input
 line 273.


Package natbib Warning: Citation `skibba_etal07' on page 2 undefined on input l
ine 278.


Package natbib Warning: Citation `paranjape_sheth11' on page 2 undefined on inp
ut line 283.


Package natbib Warning: Citation `hearin_etal12' on page 2 undefined on input l
ine 290.


Package natbib Warning: Citation `more12' on page 2 undefined on input line 293
.

[2]

Package natbib Warning: Citation `paranjape_sheth11' on page 3 undefined on inp
ut line 304.


Package natbib Warning: Citation `paranjape_sheth11' on page 3 undefined on inp
ut line 305.


Package natbib Warning: Citation `sdss_dr7' on page 3 undefined on input line 3
24.


Package natbib Warning: Citation `berlind_etal06' on page 3 undefined on input 
line 325.


Package natbib Warning: Citation `berlind_etal06' on page 3 undefined on input 
line 326.


Package natbib Warning: Citation `berlind_etal06' on page 3 undefined on input 
line 337.


Package natbib Warning: Citation `guo_etal12' on page 3 undefined on input line
 343.


Package natbib Warning: Citation `klypin_etal11' on page 3 undefined on input l
ine 359.


Package natbib Warning: Citation `riebe_etal11' on page 3 undefined on input li
ne 367.


Package natbib Warning: Citation `behroozi_etal11' on page 3 undefined on input
 line 370.


Underfull \vbox (badness 5431) has occurred while \output is active []



Package natbib Warning: Citation `kravtsov_etal04' on page 3 undefined on input
 line 376.


Package natbib Warning: Citation `tasitsiomi_etal04' on page 3 undefined on inp
ut line 376.


Package natbib Warning: Citation `conroy_etal06' on page 3 undefined on input l
ine 376.


Package natbib Warning: Citation `watson_etal11' on page 3 undefined on input l
ine 376.


Package natbib Warning: Citation `hearin_etal12' on page 3 undefined on input l
ine 376.


Package natbib Warning: Citation `reddick_etal12' on page 3 undefined on input 
line 376.


Package natbib Warning: Citation `simha_etal12' on page 3 undefined on input li
ne 390.


Package natbib Warning: Citation `blanton_etal05' on page 3 undefined on input 
line 421.

[3]

Package natbib Warning: Citation `conroy_etal06' on page 4 undefined on input l
ine 440.


Package natbib Warning: Citation `reddick_etal12' on page 4 undefined on input 
line 440.


Package natbib Warning: Citation `kravtsov_etal04' on page 4 undefined on input
 line 456.


Package natbib Warning: Citation `tasitsiomi_etal04' on page 4 undefined on inp
ut line 456.


Package natbib Warning: Citation `conroy_etal06' on page 4 undefined on input l
ine 456.


Package natbib Warning: Citation `behroozi_etal12' on page 4 undefined on input
 line 456.


Package natbib Warning: Citation `tasitsiomi_etal04' on page 4 undefined on inp
ut line 464.


Package natbib Warning: Citation `behroozi_etal10' on page 4 undefined on input
 line 464.


Package natbib Warning: Citation `reddick_etal12' on page 4 undefined on input 
line 464.


Package natbib Warning: Citation `trujillo-gomez_etal11' on page 4 undefined on
 input line 468.


Package natbib Warning: Citation `trujillo-gomez_etal11' on page 4 undefined on
 input line 475.


Package natbib Warning: Citation `blanton_etal05' on page 4 undefined on input 
line 486.


Underfull \vbox (badness 2809) has occurred while \output is active []



Package natbib Warning: Citation `trujillo-gomez_etal11' on page 4 undefined on
 input line 509.


Package natbib Warning: Citation `trujillo-gomez_etal11' on page 4 undefined on
 input line 552.

[4]

LaTeX Warning: File `FIGS/multiplicity_function_0815.eps' not found on input li
ne 566.


! LaTeX Error: File `FIGS/multiplicity_function_0815.eps' not found.

See the LaTeX manual or LaTeX Companion for explanation.
Type  H <return>  for immediate help.
 ...                                              
                                                  
l.566 ...0cm]{FIGS/multiplicity_function_0815.eps}
                                                  
? R\
OK, entering \nonstopmode...

! LaTeX Error: Cannot determine size of graphic in FIGS/multiplicity_function_0
815.eps (no BoundingBox).

See the LaTeX manual or LaTeX Companion for explanation.
Type  H <return>  for immediate help.
 ...                                              
                                                  
l.566 ...0cm]{FIGS/multiplicity_function_0815.eps}
                                                  
Try typing  <return>  to proceed.
If that doesn't work, type  X <return>  to quit.

File: FIGS/multiplicity_function_0815.eps Graphic file (type eps)
<FIGS/multiplicity_function_0815.eps>

LaTeX Warning: File `FIGS/multiplicity_function_residuals_0815.eps' not found o
n input line 567.


! LaTeX Error: File `FIGS/multiplicity_function_residuals_0815.eps' not found.

See the LaTeX manual or LaTeX Companion for explanation.
Type  H <return>  for immediate help.
 ...                                              
                                                  
l.567 ...multiplicity_function_residuals_0815.eps}
                                                  
Try typing  <return>  to proceed.
If that doesn't work, type  X <return>  to quit.


! LaTeX Error: Cannot determine size of graphic in FIGS/multiplicity_function_r
esiduals_0815.eps (no BoundingBox).

See the LaTeX manual or LaTeX Companion for explanation.
Type  H <return>  for immediate help.
 ...                                              
                                                  
l.567 ...multiplicity_function_residuals_0815.eps}
                                                  
Try typing  <return>  to proceed.
If that doesn't work, type  X <return>  to quit.

File: FIGS/multiplicity_function_residuals_0815.eps Graphic file (type eps)
<FIGS/multiplicity_function_residuals_0815.eps>

LaTeX Warning: Float too large for page by 161.61522pt on input line 590.


Package natbib Warning: Citation `conroy_etal06' on page 5 undefined on input l
ine 641.


Package natbib Warning: Citation `berrier_etal11' on page 5 undefined on input 
line 641.


Package natbib Warning: Citation `watson_etal11' on page 5 undefined on input l
ine 641.


Package natbib Warning: Citation `reddick_etal12' on page 5 undefined on input 
line 641.


Package natbib Warning: Citation `watson_etal11' on page 5 undefined on input l
ine 657.


LaTeX Warning: File `FIGS/richness_sigmav_0815.eps' not found on input line 699
.


! LaTeX Error: File `FIGS/richness_sigmav_0815.eps' not found.

See the LaTeX manual or LaTeX Companion for explanation.
Type  H <return>  for immediate help.
 ...                                              
                                                  
l.699 ...dth=9.0cm]{FIGS/richness_sigmav_0815.eps}
                                                  
Try typing  <return>  to proceed.
If that doesn't work, type  X <return>  to quit.


! LaTeX Error: Cannot determine size of graphic in FIGS/richness_sigmav_0815.ep
s (no BoundingBox).

See the LaTeX manual or LaTeX Companion for explanation.
Type  H <return>  for immediate help.
 ...                                              
                                                  
l.699 ...dth=9.0cm]{FIGS/richness_sigmav_0815.eps}
                                                  
Try typing  <return>  to proceed.
If that doesn't work, type  X <return>  to quit.

File: FIGS/richness_sigmav_0815.eps Graphic file (type eps)
<FIGS/richness_sigmav_0815.eps>
Overfull \hbox (28.0748pt too wide) in paragraph at lines 699--709
 [][] 
 []

[5] [6
Non-PDF special ignored!
Non-PDF special ignored!]

LaTeX Warning: File `FIGS/delta_LF_N3_0815.eps' not found on input line 792.


! LaTeX Error: File `FIGS/delta_LF_N3_0815.eps' not found.

See the LaTeX manual or LaTeX Companion for explanation.
Type  H <return>  for immediate help.
 ...                                              
                                                  
l.792 ...s[width=8.0cm]{FIGS/delta_LF_N3_0815.eps}
                                                  
Try typing  <return>  to proceed.
If that doesn't work, type  X <return>  to quit.


! LaTeX Error: Cannot determine size of graphic in FIGS/delta_LF_N3_0815.eps (n
o BoundingBox).

See the LaTeX manual or LaTeX Companion for explanation.
Type  H <return>  for immediate help.
 ...                                              
                                                  
l.792 ...s[width=8.0cm]{FIGS/delta_LF_N3_0815.eps}
                                                  
Try typing  <return>  to proceed.
If that doesn't work, type  X <return>  to quit.

File: FIGS/delta_LF_N3_0815.eps Graphic file (type eps)
<FIGS/delta_LF_N3_0815.eps>

LaTeX Warning: File `FIGS/delta_LF_N10_0815.eps' not found on input line 793.


! LaTeX Error: File `FIGS/delta_LF_N10_0815.eps' not found.

See the LaTeX manual or LaTeX Companion for explanation.
Type  H <return>  for immediate help.
 ...                                              
                                                  
l.793 ...[width=8.0cm]{FIGS/delta_LF_N10_0815.eps}
                                                  
Try typing  <return>  to proceed.
If that doesn't work, type  X <return>  to quit.


! LaTeX Error: Cannot determine size of graphic in FIGS/delta_LF_N10_0815.eps (
no BoundingBox).

See the LaTeX manual or LaTeX Companion for explanation.
Type  H <return>  for immediate help.
 ...                                              
                                                  
l.793 ...[width=8.0cm]{FIGS/delta_LF_N10_0815.eps}
                                                  
Try typing  <return>  to proceed.
If that doesn't work, type  X <return>  to quit.

File: FIGS/delta_LF_N10_0815.eps Graphic file (type eps)
<FIGS/delta_LF_N10_0815.eps>

LaTeX Warning: File `FIGS/delta_LF_N3_vpeak_0815.eps' not found on input line 7
94.


! LaTeX Error: File `FIGS/delta_LF_N3_vpeak_0815.eps' not found.

See the LaTeX manual or LaTeX Companion for explanation.
Type  H <return>  for immediate help.
 ...                                              
                                                  
l.794 ...h=8.0cm]{FIGS/delta_LF_N3_vpeak_0815.eps}
                                                  
Try typing  <return>  to proceed.
If that doesn't work, type  X <return>  to quit.


! LaTeX Error: Cannot determine size of graphic in FIGS/delta_LF_N3_vpeak_0815.
eps (no BoundingBox).

See the LaTeX manual or LaTeX Companion for explanation.
Type  H <return>  for immediate help.
 ...                                              
                                                  
l.794 ...h=8.0cm]{FIGS/delta_LF_N3_vpeak_0815.eps}
                                                  
Try typing  <return>  to proceed.
If that doesn't work, type  X <return>  to quit.

File: FIGS/delta_LF_N3_vpeak_0815.eps Graphic file (type eps)
<FIGS/delta_LF_N3_vpeak_0815.eps>

LaTeX Warning: File `FIGS/delta_LF_N10_vpeak_0815.eps' not found on input line 
795.


! LaTeX Error: File `FIGS/delta_LF_N10_vpeak_0815.eps' not found.

See the LaTeX manual or LaTeX Companion for explanation.
Type  H <return>  for immediate help.
 ...                                              
                                                  
l.795 ...=8.0cm]{FIGS/delta_LF_N10_vpeak_0815.eps}
                                                  
Try typing  <return>  to proceed.
If that doesn't work, type  X <return>  to quit.


! LaTeX Error: Cannot determine size of graphic in FIGS/delta_LF_N10_vpeak_0815
.eps (no BoundingBox).

See the LaTeX manual or LaTeX Companion for explanation.
Type  H <return>  for immediate help.
 ...                                              
                                                  
l.795 ...=8.0cm]{FIGS/delta_LF_N10_vpeak_0815.eps}
                                                  
Try typing  <return>  to proceed.
If that doesn't work, type  X <return>  to quit.

File: FIGS/delta_LF_N10_vpeak_0815.eps Graphic file (type eps)
<FIGS/delta_LF_N10_vpeak_0815.eps> [7
Non-PDF special ignored!]

Package natbib Warning: Citation `trujillo-gomez_etal11' on page 8 undefined on
 input line 835.


Underfull \vbox (badness 10000) has occurred while \output is active []


Underfull \vbox (badness 10000) has occurred while \output is active []

 [8
Non-PDF special ignored!
Non-PDF special ignored!
Non-PDF special ignored!
Non-PDF special ignored!]

LaTeX Warning: File `FIGS/groupLF_scatter_compare_0820.eps' not found on input 
line 867.


! LaTeX Error: File `FIGS/groupLF_scatter_compare_0820.eps' not found.

See the LaTeX manual or LaTeX Companion for explanation.
Type  H <return>  for immediate help.
 ...                                              
                                                  
l.867 ...m]{FIGS/groupLF_scatter_compare_0820.eps}
                                                  
Try typing  <return>  to proceed.
If that doesn't work, type  X <return>  to quit.


! LaTeX Error: Cannot determine size of graphic in FIGS/groupLF_scatter_compare
_0820.eps (no BoundingBox).

See the LaTeX manual or LaTeX Companion for explanation.
Type  H <return>  for immediate help.
 ...                                              
                                                  
l.867 ...m]{FIGS/groupLF_scatter_compare_0820.eps}
                                                  
Try typing  <return>  to proceed.
If that doesn't work, type  X <return>  to quit.

File: FIGS/groupLF_scatter_compare_0820.eps Graphic file (type eps)
<FIGS/groupLF_scatter_compare_0820.eps>

LaTeX Warning: File `FIGS/fieldLF_scatter_compare_0820.eps' not found on input 
line 868.


! LaTeX Error: File `FIGS/fieldLF_scatter_compare_0820.eps' not found.

See the LaTeX manual or LaTeX Companion for explanation.
Type  H <return>  for immediate help.
 ...                                              
                                                  
l.868 ...m]{FIGS/fieldLF_scatter_compare_0820.eps}
                                                  
Try typing  <return>  to proceed.
If that doesn't work, type  X <return>  to quit.


! LaTeX Error: Cannot determine size of graphic in FIGS/fieldLF_scatter_compare
_0820.eps (no BoundingBox).

See the LaTeX manual or LaTeX Companion for explanation.
Type  H <return>  for immediate help.
 ...                                              
                                                  
l.868 ...m]{FIGS/fieldLF_scatter_compare_0820.eps}
                                                  
Try typing  <return>  to proceed.
If that doesn't work, type  X <return>  to quit.

File: FIGS/fieldLF_scatter_compare_0820.eps Graphic file (type eps)
<FIGS/fieldLF_scatter_compare_0820.eps>

LaTeX Warning: File `FIGS/BGLF_scatter_compare_0820.eps' not found on input lin
e 869.


! LaTeX Error: File `FIGS/BGLF_scatter_compare_0820.eps' not found.

See the LaTeX manual or LaTeX Companion for explanation.
Type  H <return>  for immediate help.
 ...                                              
                                                  
l.869 ....0cm]{FIGS/BGLF_scatter_compare_0820.eps}
                                                  
Try typing  <return>  to proceed.
If that doesn't work, type  X <return>  to quit.


! LaTeX Error: Cannot determine size of graphic in FIGS/BGLF_scatter_compare_08
20.eps (no BoundingBox).

See the LaTeX manual or LaTeX Companion for explanation.
Type  H <return>  for immediate help.
 ...                                              
                                                  
l.869 ....0cm]{FIGS/BGLF_scatter_compare_0820.eps}
                                                  
Try typing  <return>  to proceed.
If that doesn't work, type  X <return>  to quit.

File: FIGS/BGLF_scatter_compare_0820.eps Graphic file (type eps)
<FIGS/BGLF_scatter_compare_0820.eps>

LaTeX Warning: File `FIGS/NBGLF_scatter_compare_0820.eps' not found on input li
ne 870.


! LaTeX Error: File `FIGS/NBGLF_scatter_compare_0820.eps' not found.

See the LaTeX manual or LaTeX Companion for explanation.
Type  H <return>  for immediate help.
 ...                                              
                                                  
l.870 ...0cm]{FIGS/NBGLF_scatter_compare_0820.eps}
                                                  
Try typing  <return>  to proceed.
If that doesn't work, type  X <return>  to quit.


! LaTeX Error: Cannot determine size of graphic in FIGS/NBGLF_scatter_compare_0
820.eps (no BoundingBox).

See the LaTeX manual or LaTeX Companion for explanation.
Type  H <return>  for immediate help.
 ...                                              
                                                  
l.870 ...0cm]{FIGS/NBGLF_scatter_compare_0820.eps}
                                                  
Try typing  <return>  to proceed.
If that doesn't work, type  X <return>  to quit.

File: FIGS/NBGLF_scatter_compare_0820.eps Graphic file (type eps)
<FIGS/NBGLF_scatter_compare_0820.eps>

Package natbib Warning: Citation `hearin_etal12' on page 9 undefined on input l
ine 930.


Package natbib Warning: Citation `more12' on page 9 undefined on input line 930
.


Package natbib Warning: Citation `paranjape_sheth11' on page 9 undefined on inp
ut line 955.


Package natbib Warning: Citation `donghia_etal05' on page 9 undefined on input 
line 955.


Package natbib Warning: Citation `tavasoli_etal11' on page 9 undefined on input
 line 955.


LaTeX Warning: File `FIGS/gap_richness_bins_0815.eps' not found on input line 9
60.


! LaTeX Error: File `FIGS/gap_richness_bins_0815.eps' not found.

See the LaTeX manual or LaTeX Companion for explanation.
Type  H <return>  for immediate help.
 ...                                              
                                                  
l.960 ...h=8.0cm]{FIGS/gap_richness_bins_0815.eps}
                                                  
Try typing  <return>  to proceed.
If that doesn't work, type  X <return>  to quit.


! LaTeX Error: Cannot determine size of graphic in FIGS/gap_richness_bins_0815.
eps (no BoundingBox).

See the LaTeX manual or LaTeX Companion for explanation.
Type  H <return>  for immediate help.
 ...                                              
                                                  
l.960 ...h=8.0cm]{FIGS/gap_richness_bins_0815.eps}
                                                  
Try typing  <return>  to proceed.
If that doesn't work, type  X <return>  to quit.

File: FIGS/gap_richness_bins_0815.eps Graphic file (type eps)
<FIGS/gap_richness_bins_0815.eps>

LaTeX Warning: File `FIGS/fossil_fraction_vs_N_0815.eps' not found on input lin
e 961.


! LaTeX Error: File `FIGS/fossil_fraction_vs_N_0815.eps' not found.

See the LaTeX manual or LaTeX Companion for explanation.
Type  H <return>  for immediate help.
 ...                                              
                                                  
l.961 ....0cm]{FIGS/fossil_fraction_vs_N_0815.eps}
                                                  
Try typing  <return>  to proceed.
If that doesn't work, type  X <return>  to quit.


! LaTeX Error: Cannot determine size of graphic in FIGS/fossil_fraction_vs_N_08
15.eps (no BoundingBox).

See the LaTeX manual or LaTeX Companion for explanation.
Type  H <return>  for immediate help.
 ...                                              
                                                  
l.961 ....0cm]{FIGS/fossil_fraction_vs_N_0815.eps}
                                                  
Try typing  <return>  to proceed.
If that doesn't work, type  X <return>  to quit.

File: FIGS/fossil_fraction_vs_N_0815.eps Graphic file (type eps)
<FIGS/fossil_fraction_vs_N_0815.eps>

LaTeX Warning: File `FIGS/gap_abundance_0815.eps' not found on input line 962.


! LaTeX Error: File `FIGS/gap_abundance_0815.eps' not found.

See the LaTeX manual or LaTeX Companion for explanation.
Type  H <return>  for immediate help.
 ...                                              
                                                  
l.962 ...width=8.0cm]{FIGS/gap_abundance_0815.eps}
                                                  
Try typing  <return>  to proceed.
If that doesn't work, type  X <return>  to quit.


! LaTeX Error: Cannot determine size of graphic in FIGS/gap_abundance_0815.eps 
(no BoundingBox).

See the LaTeX manual or LaTeX Companion for explanation.
Type  H <return>  for immediate help.
 ...                                              
                                                  
l.962 ...width=8.0cm]{FIGS/gap_abundance_0815.eps}
                                                  
Try typing  <return>  to proceed.
If that doesn't work, type  X <return>  to quit.

File: FIGS/gap_abundance_0815.eps Graphic file (type eps)
<FIGS/gap_abundance_0815.eps>

LaTeX Warning: File `FIGS/gap_abundance_residual_0815.eps' not found on input l
ine 963.


! LaTeX Error: File `FIGS/gap_abundance_residual_0815.eps' not found.

See the LaTeX manual or LaTeX Companion for explanation.
Type  H <return>  for immediate help.
 ...                                              
                                                  
l.963 ...cm]{FIGS/gap_abundance_residual_0815.eps}
                                                  
Try typing  <return>  to proceed.
If that doesn't work, type  X <return>  to quit.


! LaTeX Error: Cannot determine size of graphic in FIGS/gap_abundance_residual_
0815.eps (no BoundingBox).

See the LaTeX manual or LaTeX Companion for explanation.
Type  H <return>  for immediate help.
 ...                                              
                                                  
l.963 ...cm]{FIGS/gap_abundance_residual_0815.eps}
                                                  
Try typing  <return>  to proceed.
If that doesn't work, type  X <return>  to quit.

File: FIGS/gap_abundance_residual_0815.eps Graphic file (type eps)
<FIGS/gap_abundance_residual_0815.eps> [9]
Underfull \vbox (badness 10000) has occurred while \output is active []

 [10
Non-PDF special ignored!
Non-PDF special ignored!
Non-PDF special ignored!
Non-PDF special ignored!]
Underfull \vbox (badness 10000) has occurred while \output is active []

 [11
Non-PDF special ignored!
Non-PDF special ignored!
Non-PDF special ignored!
Non-PDF special ignored!] [12]

Package natbib Warning: Citation `paranjape_sheth11' on page 13 undefined on in
put line 1189.


Package natbib Warning: Citation `paranjape_sheth11' on page 13 undefined on in
put line 1234.


Package natbib Warning: Citation `bernardi_etal10' on page 13 undefined on inpu
t line 1235.


Package natbib Warning: Citation `paranjape_sheth11' on page 13 undefined on in
put line 1246.

[13]

LaTeX Warning: File `FIGS/psi_both_Nge3_0826.eps' not found on input line 1317.



! LaTeX Error: File `FIGS/psi_both_Nge3_0826.eps' not found.

See the LaTeX manual or LaTeX Companion for explanation.
Type  H <return>  for immediate help.
 ...                                              
                                                  
l.1317 ...idth=8.0cm]{FIGS/psi_both_Nge3_0826.eps}
                                                  
Try typing  <return>  to proceed.
If that doesn't work, type  X <return>  to quit.


! LaTeX Error: Cannot determine size of graphic in FIGS/psi_both_Nge3_0826.eps 
(no BoundingBox).

See the LaTeX manual or LaTeX Companion for explanation.
Type  H <return>  for immediate help.
 ...                                              
                                                  
l.1317 ...idth=8.0cm]{FIGS/psi_both_Nge3_0826.eps}
                                                  
Try typing  <return>  to proceed.
If that doesn't work, type  X <return>  to quit.

File: FIGS/psi_both_Nge3_0826.eps Graphic file (type eps)
<FIGS/psi_both_Nge3_0826.eps>

LaTeX Warning: File `FIGS/psi_both_Nge10_0826.eps' not found on input line 1318
.


! LaTeX Error: File `FIGS/psi_both_Nge10_0826.eps' not found.

See the LaTeX manual or LaTeX Companion for explanation.
Type  H <return>  for immediate help.
 ...                                              
                                                  
l.1318 ...dth=8.0cm]{FIGS/psi_both_Nge10_0826.eps}
                                                  
Try typing  <return>  to proceed.
If that doesn't work, type  X <return>  to quit.


! LaTeX Error: Cannot determine size of graphic in FIGS/psi_both_Nge10_0826.eps
 (no BoundingBox).

See the LaTeX manual or LaTeX Companion for explanation.
Type  H <return>  for immediate help.
 ...                                              
                                                  
l.1318 ...dth=8.0cm]{FIGS/psi_both_Nge10_0826.eps}
                                                  
Try typing  <return>  to proceed.
If that doesn't work, type  X <return>  to quit.

File: FIGS/psi_both_Nge10_0826.eps Graphic file (type eps)
<FIGS/psi_both_Nge10_0826.eps>

Package natbib Warning: Citation `watson_etal11' on page 14 undefined on input 
line 1369.

[14]

Package natbib Warning: Citation `reddick_etal12' on page 15 undefined on input
 line 1406.


Package natbib Warning: Citation `reddick_etal12' on page 15 undefined on input
 line 1411.


Package natbib Warning: Citation `reddick_etal12' on page 15 undefined on input
 line 1415.


Package natbib Warning: Citation `reddick_etal12' on page 15 undefined on input
 line 1422.


Package natbib Warning: Citation `jones_etal03' on page 15 undefined on input l
ine 1446.


Package natbib Warning: Citation `yang_etal08' on page 15 undefined on input li
ne 1447.


Package natbib Warning: Citation `yang_etal08' on page 15 undefined on input li
ne 1457.


Package natbib Warning: Citation `yang_etal08' on page 15 undefined on input li
ne 1461.


Package natbib Warning: Citation `proctor_etal11' on page 15 undefined on input
 line 1467.


Package natbib Warning: Citation `proctor_etal11' on page 15 undefined on input
 line 1469.


Package natbib Warning: Citation `jones_etal03' on page 15 undefined on input l
ine 1485.


Package natbib Warning: Citation `dariush_etal07' on page 15 undefined on input
 line 1485.


Package natbib Warning: Citation `tavasoli_etal11' on page 15 undefined on inpu
t line 1486.


Package natbib Warning: Citation `paranjape_sheth11' on page 15 undefined on in
put line 1503.


Package natbib Warning: Citation `paranjape_sheth11' on page 15 undefined on in
put line 1509.

[15]

LaTeX Warning: Reference `' on page 16 undefined on input line 1576.

[16]
Underfull \hbox (badness 1590) in paragraph at lines 1642--1652
\OT1/cmr/m/n/9 group galax-ies be-ing sys-tem-at-i-cally too bright and
 []

No file pgap.bbl.

Package natbib Warning: Citation `blanton_etal05' on page 17 undefined on input
 line 1709.


Package natbib Warning: Citation `klypin_etal11' on page 17 undefined on input 
line 1712.


Package natbib Warning: Citation `trujillo-gomez_etal11' on page 17 undefined o
n input line 1712.


Package natbib Warning: Citation `watson_etal11' on page 17 undefined on input 
line 1712.


Package natbib Warning: Citation `trujillo-gomez_etal11' on page 17 undefined o
n input line 1720.


Package natbib Warning: Citation `blanton_etal05' on page 17 undefined on input
 line 1725.


Package natbib Warning: Citation `blanton_etal05' on page 17 undefined on input
 line 1741.


Package natbib Warning: Citation `blanton_etal05' on page 17 undefined on input
 line 1744.

[17]

Package natbib Warning: Citation `paranjape_sheth11' on page 18 undefined on in
put line 1769.


Package natbib Warning: Citation `paranjape_sheth11' on page 18 undefined on in
put line 1771.


Package natbib Warning: Citation `paranjape_sheth11' on page 18 undefined on in
put line 1771.


Package natbib Warning: Citation `paranjape_sheth11' on page 18 undefined on in
put line 1771.


Package natbib Warning: Citation `paranjape_sheth11' on page 18 undefined on in
put line 1771.


Package natbib Warning: Citation `paranjape_sheth11' on page 18 undefined on in
put line 1773.


Package natbib Warning: There were undefined citations.

[18]
Underfull \vbox (badness 10000) has occurred while \output is active []

 [19
Non-PDF special ignored!
Non-PDF special ignored!

] (./pgap.aux)

LaTeX Warning: There were undefined references.

 ) 
Here is how much of TeX's memory you used:
 3139 strings out of 493488
 40504 string characters out of 3141326
 121950 words of memory out of 3000000
 6376 multiletter control sequences out of 15000+200000
 17728 words of font info for 65 fonts, out of 3000000 for 9000
 957 hyphenation exceptions out of 8191
 38i,10n,34p,2109b,298s stack positions out of 5000i,500n,10000p,200000b,50000s
</usr/local/texlive/2012/texmf-dist/fonts/type1/public/amsfonts/cm/cmbx10.pfb
></usr/local/texlive/2012/texmf-dist/fonts/type1/public/amsfonts/cm/cmbx12.pfb>
</usr/local/texlive/2012/texmf-dist/fonts/type1/public/amsfonts/cm/cmbx8.pfb></
usr/local/texlive/2012/texmf-dist/fonts/type1/public/amsfonts/cm/cmbx9.pfb></us
r/local/texlive/2012/texmf-dist/fonts/type1/public/amsfonts/cmextra/cmex9.pfb><
/usr/local/texlive/2012/texmf-dist/fonts/type1/public/amsfonts/cm/cmmi10.pfb></
usr/local/texlive/2012/texmf-dist/fonts/type1/public/amsfonts/cm/cmmi6.pfb></us
r/local/texlive/2012/texmf-dist/fonts/type1/public/amsfonts/cm/cmmi7.pfb></usr/
local/texlive/2012/texmf-dist/fonts/type1/public/amsfonts/cm/cmmi8.pfb></usr/lo
cal/texlive/2012/texmf-dist/fonts/type1/public/amsfonts/cm/cmmi9.pfb></usr/loca
l/texlive/2012/texmf-dist/fonts/type1/public/amsfonts/cm/cmr10.pfb></usr/local/
texlive/2012/texmf-dist/fonts/type1/public/amsfonts/cm/cmr12.pfb></usr/local/te
xlive/2012/texmf-dist/fonts/type1/public/amsfonts/cm/cmr6.pfb></usr/local/texli
ve/2012/texmf-dist/fonts/type1/public/amsfonts/cm/cmr7.pfb></usr/local/texlive/
2012/texmf-dist/fonts/type1/public/amsfonts/cm/cmr8.pfb></usr/local/texlive/201
2/texmf-dist/fonts/type1/public/amsfonts/cm/cmr9.pfb></usr/local/texlive/2012/t
exmf-dist/fonts/type1/public/amsfonts/cm/cmsy6.pfb></usr/local/texlive/2012/tex
mf-dist/fonts/type1/public/amsfonts/cm/cmsy8.pfb></usr/local/texlive/2012/texmf
-dist/fonts/type1/public/amsfonts/cm/cmsy9.pfb></usr/local/texlive/2012/texmf-d
ist/fonts/type1/public/amsfonts/cm/cmti12.pfb></usr/local/texlive/2012/texmf-di
st/fonts/type1/public/amsfonts/cm/cmti8.pfb></usr/local/texlive/2012/texmf-dist
/fonts/type1/public/amsfonts/cm/cmti9.pfb></usr/local/texlive/2012/texmf-dist/f
onts/type1/public/amsfonts/cm/cmtt9.pfb></usr/local/texlive/2012/texmf-dist/fon
ts/type1/public/amsfonts/symbols/msam10.pfb>
Output written on pgap.pdf (19 pages, 408253 bytes).
PDF statistics:
 163 PDF objects out of 1000 (max. 8388607)
 116 compressed objects within 2 object streams
 0 named destinations out of 1000 (max. 500000)
 1 words of extra memory for PDF output out of 10000 (max. 10000000)

