This is pdfTeX, Version 3.1415926-2.5-1.40.14 (MiKTeX 2.9) (preloaded format=pdflatex 2014.1.31)  12 OCT 2016 12:18
entering extended mode
**villarrealzentner2015.tex

(C:\Users\Antonio\Documents\haloenviron\haloenviron-villarrealzentner\villarrea
lzentner2015.tex
LaTeX2e <2011/06/27>
Babel <v3.8m> and hyphenation patterns for english, afrikaans, ancientgreek, ar
abic, armenian, assamese, basque, bengali, bokmal, bulgarian, catalan, coptic, 
croatian, czech, danish, dutch, esperanto, estonian, farsi, finnish, french, ga
lician, german, german-x-2013-05-26, greek, gujarati, hindi, hungarian, iceland
ic, indonesian, interlingua, irish, italian, kannada, kurmanji, latin, latvian,
 lithuanian, malayalam, marathi, mongolian, mongolianlmc, monogreek, ngerman, n
german-x-2013-05-26, nynorsk, oriya, panjabi, pinyin, polish, portuguese, roman
ian, russian, sanskrit, serbian, slovak, slovenian, spanish, swedish, swissgerm
an, tamil, telugu, turkish, turkmen, ukenglish, ukrainian, uppersorbian, usengl
ishmax, welsh, loaded.

(C:\Users\Antonio\Documents\haloenviron\haloenviron-villarrealzentner\mnras.cls
Document Class: mnras 2015/05/22\ v3.0\ LaTeX2e MNRAS document class
MNRAS document style v3.0, released 2015/05/22
("C:\Program Files (x86)\MiKTeX 2.9\tex\latex\geometry\geometry.sty"
Package: geometry 2010/09/12 v5.6 Page Geometry

("C:\Program Files (x86)\MiKTeX 2.9\tex\latex\graphics\keyval.sty"
Package: keyval 1999/03/16 v1.13 key=value parser (DPC)
\KV@toks@=\toks14
)
("C:\Program Files (x86)\MiKTeX 2.9\tex\generic\oberdiek\ifpdf.sty"
Package: ifpdf 2011/01/30 v2.3 Provides the ifpdf switch (HO)
Package ifpdf Info: pdfTeX in PDF mode is detected.
)
("C:\Program Files (x86)\MiKTeX 2.9\tex\generic\oberdiek\ifvtex.sty"
Package: ifvtex 2010/03/01 v1.5 Detect VTeX and its facilities (HO)
Package ifvtex Info: VTeX not detected.
)
("C:\Program Files (x86)\MiKTeX 2.9\tex\generic\ifxetex\ifxetex.sty"
Package: ifxetex 2010/09/12 v0.6 Provides ifxetex conditional
)
\Gm@cnth=\count79
\Gm@cntv=\count80
\c@Gm@tempcnt=\count81
\Gm@bindingoffset=\dimen102
\Gm@wd@mp=\dimen103
\Gm@odd@mp=\dimen104
\Gm@even@mp=\dimen105
\Gm@layoutwidth=\dimen106
\Gm@layoutheight=\dimen107
\Gm@layouthoffset=\dimen108
\Gm@layoutvoffset=\dimen109
\Gm@dimlist=\toks15

("C:\Program Files (x86)\MiKTeX 2.9\tex\latex\geometry\geometry.cfg"))
("C:\Program Files (x86)\MiKTeX 2.9\tex\latex\base\fixltx2e.sty"
Package: fixltx2e 2006/09/13 v1.1m fixes to LaTeX
LaTeX Info: Redefining \em on input line 420.
)
("C:\Program Files (x86)\MiKTeX 2.9\tex\latex\hyperref\hyperref.sty"
Package: hyperref 2012/11/06 v6.83m Hypertext links for LaTeX

("C:\Program Files (x86)\MiKTeX 2.9\tex\generic\oberdiek\hobsub-hyperref.sty"
Package: hobsub-hyperref 2012/04/25 v1.12 Bundle oberdiek, subset hyperref (HO)


("C:\Program Files (x86)\MiKTeX 2.9\tex\generic\oberdiek\hobsub-generic.sty"
Package: hobsub-generic 2012/04/25 v1.12 Bundle oberdiek, subset generic (HO)
Package: hobsub 2012/04/25 v1.12 Construct package bundles (HO)
Package: infwarerr 2010/04/08 v1.3 Providing info/warning/error messages (HO)
Package: ltxcmds 2011/11/09 v1.22 LaTeX kernel commands for general use (HO)
Package: ifluatex 2010/03/01 v1.3 Provides the ifluatex switch (HO)
Package ifluatex Info: LuaTeX not detected.
Package hobsub Info: Skipping package `ifvtex' (already loaded).
Package: intcalc 2007/09/27 v1.1 Expandable calculations with integers (HO)
Package hobsub Info: Skipping package `ifpdf' (already loaded).
Package: etexcmds 2011/02/16 v1.5 Avoid name clashes with e-TeX commands (HO)
Package etexcmds Info: Could not find \expanded.
(etexcmds)             That can mean that you are not using pdfTeX 1.50 or
(etexcmds)             that some package has redefined \expanded.
(etexcmds)             In the latter case, load this package earlier.
Package: kvsetkeys 2012/04/25 v1.16 Key value parser (HO)
Package: kvdefinekeys 2011/04/07 v1.3 Define keys (HO)
Package: pdftexcmds 2011/11/29 v0.20 Utility functions of pdfTeX for LuaTeX (HO
)
Package pdftexcmds Info: LuaTeX not detected.
Package pdftexcmds Info: \pdf@primitive is available.
Package pdftexcmds Info: \pdf@ifprimitive is available.
Package pdftexcmds Info: \pdfdraftmode found.
Package: pdfescape 2011/11/25 v1.13 Implements pdfTeX's escape features (HO)
Package: bigintcalc 2012/04/08 v1.3 Expandable calculations on big integers (HO
)
Package: bitset 2011/01/30 v1.1 Handle bit-vector datatype (HO)
Package: uniquecounter 2011/01/30 v1.2 Provide unlimited unique counter (HO)
)
Package hobsub Info: Skipping package `hobsub' (already loaded).
Package: letltxmacro 2010/09/02 v1.4 Let assignment for LaTeX macros (HO)
Package: hopatch 2011/06/24 v1.1 Wrapper for package hooks (HO)
Package: xcolor-patch 2011/01/30 xcolor patch
Package: atveryend 2011/06/30 v1.8 Hooks at the very end of document (HO)
Package atveryend Info: \enddocument detected (standard20110627).
Package: atbegshi 2011/10/05 v1.16 At begin shipout hook (HO)
Package: refcount 2011/10/16 v3.4 Data extraction from label references (HO)
Package: hycolor 2011/01/30 v1.7 Color options for hyperref/bookmark (HO)
)
("C:\Program Files (x86)\MiKTeX 2.9\tex\latex\oberdiek\auxhook.sty"
Package: auxhook 2011/03/04 v1.3 Hooks for auxiliary files (HO)
)
("C:\Program Files (x86)\MiKTeX 2.9\tex\latex\oberdiek\kvoptions.sty"
Package: kvoptions 2011/06/30 v3.11 Key value format for package options (HO)
)
\@linkdim=\dimen110
\Hy@linkcounter=\count82
\Hy@pagecounter=\count83

("C:\Program Files (x86)\MiKTeX 2.9\tex\latex\hyperref\pd1enc.def"
File: pd1enc.def 2012/11/06 v6.83m Hyperref: PDFDocEncoding definition (HO)
)
\Hy@SavedSpaceFactor=\count84

("C:\Program Files (x86)\MiKTeX 2.9\tex\latex\00miktex\hyperref.cfg"
File: hyperref.cfg 2002/06/06 v1.2 hyperref configuration of TeXLive
)
Package hyperref Info: Option `draft' set `true' on input line 4319.
Package hyperref Info: Hyper figures OFF on input line 4443.
Package hyperref Info: Link nesting OFF on input line 4448.
Package hyperref Info: Hyper index ON on input line 4451.
Package hyperref Info: Plain pages OFF on input line 4458.
Package hyperref Info: Backreferencing OFF on input line 4463.
Package hyperref Info: Implicit mode ON; LaTeX internals redefined.
Package hyperref Info: Bookmarks ON on input line 4688.
\c@Hy@tempcnt=\count85

("C:\Program Files (x86)\MiKTeX 2.9\tex\latex\url\url.sty"
\Urlmuskip=\muskip10
Package: url 2013/09/16  ver 3.4  Verb mode for urls, etc.
)
LaTeX Info: Redefining \url on input line 5041.
\XeTeXLinkMargin=\dimen111
\Fld@menulength=\count86
\Field@Width=\dimen112
\Fld@charsize=\dimen113
Package hyperref Info: Hyper figures OFF on input line 6295.
Package hyperref Info: Link nesting OFF on input line 6300.
Package hyperref Info: Hyper index ON on input line 6303.
Package hyperref Info: backreferencing OFF on input line 6310.
Package hyperref Info: Link coloring OFF on input line 6315.
Package hyperref Info: Link coloring with OCG OFF on input line 6320.
Package hyperref Info: PDF/A mode OFF on input line 6325.
LaTeX Info: Redefining \ref on input line 6365.
LaTeX Info: Redefining \pageref on input line 6369.


Package hyperref Warning: Option `pdfpagelabels' is turned off
(hyperref)                because \thepage is undefined.

\c@Item=\count87
\c@Hfootnote=\count88
)

Package hyperref Message: Driver (autodetected): hpdftex.

("C:\Program Files (x86)\MiKTeX 2.9\tex\latex\hyperref\hpdftex.def"
File: hpdftex.def 2012/11/06 v6.83m Hyperref driver for pdfTeX
\Fld@listcount=\count89
\c@bookmark@seq@number=\count90

("C:\Program Files (x86)\MiKTeX 2.9\tex\latex\oberdiek\rerunfilecheck.sty"
Package: rerunfilecheck 2011/04/15 v1.7 Rerun checks for auxiliary files (HO)
Package uniquecounter Info: New unique counter `rerunfilecheck' on input line 2
82.
)
\Hy@SectionHShift=\skip41
)
Package hyperref Info: Option `colorlinks' set `true' on input line 123.
\math@groups=\toks16
LaTeX Font Info:    Overwriting symbol font `symbols' in version `bold'
(Font)                  OMS/cmsy/b/n --> OMS/cmsy/b/n on input line 276.
\symbmisymbols=\mathgroup4
\SFB@measure=\dimen114
\realparindent=\skip42
\c@part=\count91
\c@section=\count92
\c@subsection=\count93
\c@subsubsection=\count94
\c@paragraph=\count95
\c@subparagraph=\count96
\@indentskip=\skip43
\smallindent=\skip44
\@footindent=\skip45
\@leftskip=\skip46

("C:\Program Files (x86)\MiKTeX 2.9\tex\latex\natbib\natbib.sty"
Package: natbib 2010/09/13 8.31b (PWD, AO)
\bibhang=\skip47
\bibsep=\skip48
LaTeX Info: Redefining \cite on input line 694.
\c@NAT@ctr=\count97
)
\c@table=\count98
\c@figure=\count99
)
("C:\Program Files (x86)\MiKTeX 2.9\tex\latex\amsfonts\amssymb.sty"
Package: amssymb 2013/01/14 v3.01 AMS font symbols

("C:\Program Files (x86)\MiKTeX 2.9\tex\latex\amsfonts\amsfonts.sty"
Package: amsfonts 2013/01/14 v3.01 Basic AMSFonts support
\@emptytoks=\toks17
\symAMSa=\mathgroup5
\symAMSb=\mathgroup6
LaTeX Font Info:    Overwriting math alphabet `\mathfrak' in version `bold'
(Font)                  U/euf/m/n --> U/euf/b/n on input line 106.
))
("C:\Program Files (x86)\MiKTeX 2.9\tex\latex\graphics\epsfig.sty"
Package: epsfig 1999/02/16 v1.7a (e)psfig emulation (SPQR)

("C:\Program Files (x86)\MiKTeX 2.9\tex\latex\graphics\graphicx.sty"
Package: graphicx 1999/02/16 v1.0f Enhanced LaTeX Graphics (DPC,SPQR)

("C:\Program Files (x86)\MiKTeX 2.9\tex\latex\graphics\graphics.sty"
Package: graphics 2009/02/05 v1.0o Standard LaTeX Graphics (DPC,SPQR)

("C:\Program Files (x86)\MiKTeX 2.9\tex\latex\graphics\trig.sty"
Package: trig 1999/03/16 v1.09 sin cos tan (DPC)
)
("C:\Program Files (x86)\MiKTeX 2.9\tex\latex\00miktex\graphics.cfg"
File: graphics.cfg 2007/01/18 v1.5 graphics configuration of teTeX/TeXLive
)
Package graphics Info: Driver file: pdftex.def on input line 91.

("C:\Program Files (x86)\MiKTeX 2.9\tex\latex\pdftex-def\pdftex.def"
File: pdftex.def 2011/05/27 v0.06d Graphics/color for pdfTeX
\Gread@gobject=\count100
))
\Gin@req@height=\dimen115
\Gin@req@width=\dimen116
)
\epsfxsize=\dimen117
\epsfysize=\dimen118
)
("C:\Program Files (x86)\MiKTeX 2.9\tex\latex\amsmath\amsmath.sty"
Package: amsmath 2013/01/14 v2.14 AMS math features
\@mathmargin=\skip49

For additional information on amsmath, use the `?' option.
("C:\Program Files (x86)\MiKTeX 2.9\tex\latex\amsmath\amstext.sty"
Package: amstext 2000/06/29 v2.01

("C:\Program Files (x86)\MiKTeX 2.9\tex\latex\amsmath\amsgen.sty"
File: amsgen.sty 1999/11/30 v2.0
\@emptytoks=\toks18
\ex@=\dimen119
))
("C:\Program Files (x86)\MiKTeX 2.9\tex\latex\amsmath\amsbsy.sty"
Package: amsbsy 1999/11/29 v1.2d
\pmbraise@=\dimen120
)
("C:\Program Files (x86)\MiKTeX 2.9\tex\latex\amsmath\amsopn.sty"
Package: amsopn 1999/12/14 v2.01 operator names
)
\inf@bad=\count101
LaTeX Info: Redefining \frac on input line 210.
\uproot@=\count102
\leftroot@=\count103
LaTeX Info: Redefining \overline on input line 306.
\classnum@=\count104
\DOTSCASE@=\count105
LaTeX Info: Redefining \ldots on input line 378.
LaTeX Info: Redefining \dots on input line 381.
LaTeX Info: Redefining \cdots on input line 466.
\Mathstrutbox@=\box26
\strutbox@=\box27
\big@size=\dimen121
LaTeX Font Info:    Redeclaring font encoding OML on input line 566.
LaTeX Font Info:    Redeclaring font encoding OMS on input line 567.
\macc@depth=\count106
\c@MaxMatrixCols=\count107
\dotsspace@=\muskip11
\c@parentequation=\count108
\dspbrk@lvl=\count109
\tag@help=\toks19
\row@=\count110
\column@=\count111
\maxfields@=\count112
\andhelp@=\toks20
\eqnshift@=\dimen122
\alignsep@=\dimen123
\tagshift@=\dimen124
\tagwidth@=\dimen125
\totwidth@=\dimen126
\lineht@=\dimen127
\@envbody=\toks21
\multlinegap=\skip50
\multlinetaggap=\skip51
\mathdisplay@stack=\toks22
LaTeX Info: Redefining \[ on input line 2665.
LaTeX Info: Redefining \] on input line 2666.
)
("C:\Program Files (x86)\MiKTeX 2.9\tex\latex\graphics\color.sty"
Package: color 2005/11/14 v1.0j Standard LaTeX Color (DPC)

("C:\Program Files (x86)\MiKTeX 2.9\tex\latex\00miktex\color.cfg"
File: color.cfg 2007/01/18 v1.5 color configuration of teTeX/TeXLive
)
Package color Info: Driver file: pdftex.def on input line 130.
)
("C:\Program Files (x86)\MiKTeX 2.9\tex\latex\xcolor\xcolor.sty"
Package: xcolor 2007/01/21 v2.11 LaTeX color extensions (UK)

("C:\Program Files (x86)\MiKTeX 2.9\tex\latex\00miktex\color.cfg"
File: color.cfg 2007/01/18 v1.5 color configuration of teTeX/TeXLive
)
Package xcolor Info: Driver file: pdftex.def on input line 225.
LaTeX Info: Redefining \color on input line 702.
Package xcolor Info: Model `cmy' substituted by `cmy0' on input line 1337.
Package xcolor Info: Model `hsb' substituted by `rgb' on input line 1341.
Package xcolor Info: Model `RGB' extended on input line 1353.
Package xcolor Info: Model `HTML' substituted by `rgb' on input line 1355.
Package xcolor Info: Model `Hsb' substituted by `hsb' on input line 1356.
Package xcolor Info: Model `tHsb' substituted by `hsb' on input line 1357.
Package xcolor Info: Model `HSB' substituted by `hsb' on input line 1358.
Package xcolor Info: Model `Gray' substituted by `gray' on input line 1359.
Package xcolor Info: Model `wave' substituted by `hsb' on input line 1360.

("C:\Program Files (x86)\MiKTeX 2.9\tex\latex\graphics\dvipsnam.def"
File: dvipsnam.def 1999/02/16 v3.0i Driver-dependant file (DPC,SPQR)
))
("C:\Program Files (x86)\MiKTeX 2.9\tex\latex\subfig\subfig.sty"
Package: subfig 2005/06/28 ver: 1.3 subfig package


Package subfig Warning: Your document class has a bad definition
 of \endfigure, most likely
 \let\endfigure=\end@float
 which has now been changed to
 \def\endfigure{\end@float}
 because otherwise subsequent changes to \end@float
 (like done by several packages changing float behaviour)
 can't take effect on \endfigure.
 Please complain to your document class author.


Package subfig Warning: Your document class has a bad definition
 of \endtable, most likely
 \let\endtable=\end@float
 which has now been changed to
 \def\endtable{\end@float}
 because otherwise subsequent changes to \end@float
 (like done by several packages changing float behaviour)
 can't take effect on \endtable.
 Please complain to your document class author.

("C:\Program Files (x86)\MiKTeX 2.9\tex\latex\caption\caption.sty"
Package: caption 2013/05/02 v3.3-89 Customizing captions (AR)

("C:\Program Files (x86)\MiKTeX 2.9\tex\latex\caption\caption3.sty"
Package: caption3 2013/05/02 v1.6-88 caption3 kernel (AR)
Package caption3 Info: TeX engine: e-TeX on input line 57.
\captionmargin=\dimen128
\captionmargin@=\dimen129
\captionwidth=\dimen130
\caption@tempdima=\dimen131
\caption@indent=\dimen132
\caption@parindent=\dimen133
\caption@hangindent=\dimen134
\abovecaptionskip=\skip52
\belowcaptionskip=\skip53
Package caption Info: Unknown document class (or package),
(caption)             standard defaults will be used.
)

Package caption Warning: Unsupported document class (or package) detected,
(caption)                usage of the caption package is not recommended.
See the caption package documentation for explanation.

Package caption Info: \@makecaption = undefined.
\c@ContinuedFloat=\count113
Package caption Info: hyperref package is loaded.
)
\c@KVtest=\count114
\sf@farskip=\skip54
\sf@captopadj=\dimen135
\sf@capskip=\skip55
\sf@nearskip=\skip56
\c@subfigure=\count115
\c@subfigure@save=\count116
\c@lofdepth=\count117
\c@subtable=\count118
\c@subtable@save=\count119
\c@lotdepth=\count120
\sf@top=\skip57
\sf@bottom=\skip58
) ("C:\Program Files (x86)\MiKTeX 2.9\tex\latex\rotating\rotating.sty"
Package: rotating 2009/03/28 v2.16a rotated objects in LaTeX

("C:\Program Files (x86)\MiKTeX 2.9\tex\latex\base\ifthen.sty"
Package: ifthen 2001/05/26 v1.1c Standard LaTeX ifthen package (DPC)
)
\c@r@tfl@t=\count121
\rotFPtop=\skip59
\rotFPbot=\skip60
\rot@float@box=\box28
\rot@mess@toks=\toks23
)
\@input{villarrealzentner_macros.aux}

(C:\Users\Antonio\Documents\haloenviron\haloenviron-villarrealzentner\villarrea
lzentner_macros.tex)
(C:\Users\Antonio\Documents\haloenviron\haloenviron-villarrealzentner\villarrea
lzentner2015.aux

LaTeX Warning: Label `fig:matched_cnfwcomp' multiply defined.

)
LaTeX Font Info:    Checking defaults for OML/cmm/m/it on input line 23.
LaTeX Font Info:    ... okay on input line 23.
LaTeX Font Info:    Checking defaults for T1/cmr/m/n on input line 23.
LaTeX Font Info:    ... okay on input line 23.
LaTeX Font Info:    Checking defaults for OT1/cmr/m/n on input line 23.
LaTeX Font Info:    ... okay on input line 23.
LaTeX Font Info:    Checking defaults for OMS/cmsy/m/n on input line 23.
LaTeX Font Info:    ... okay on input line 23.
LaTeX Font Info:    Checking defaults for OMX/cmex/m/n on input line 23.
LaTeX Font Info:    ... okay on input line 23.
LaTeX Font Info:    Checking defaults for U/cmr/m/n on input line 23.
LaTeX Font Info:    ... okay on input line 23.
LaTeX Font Info:    Checking defaults for PD1/pdf/m/n on input line 23.
LaTeX Font Info:    ... okay on input line 23.

*geometry* driver: auto-detecting
*geometry* detected driver: pdftex
*geometry* verbose mode - [ preamble ] result:
* driver: pdftex
* paper: a4paper
* layout: <same size as paper>
* layoutoffset:(h,v)=(0.0pt,0.0pt)
* modes: twoside 
* h-part:(L,W,R)=(71.70166pt, 418.25368pt, 107.55254pt)
* v-part:(T,H,B)=(101.40665pt, 591.5302pt, 152.11pt)
* \paperwidth=597.50787pt
* \paperheight=845.04684pt
* \textwidth=504.0pt
* \textheight=682.0pt
* \oddsidemargin=-30.0pt
* \evensidemargin=-30.0pt
* \topmargin=0.0pt
* \headheight=14.0pt
* \headsep=15.0pt
* \topskip=9.0pt
* \footskip=22.0pt
* \marginparwidth=48.0pt
* \marginparsep=6.0pt
* \columnsep=24.0pt
* \skip\footins=19.5pt plus 12.0pt minus 1.0pt
* \hoffset=0.0pt
* \voffset=0.0pt
* \mag=1000
* \@twocolumntrue
* \@twosidetrue
* \@mparswitchtrue
* \@reversemarginfalse
* (1in=72.27pt=25.4mm, 1cm=28.453pt)

\AtBeginShipoutBox=\box29

Package hyperref Warning: Draft mode on.

Package hyperref Info: Link coloring ON on input line 23.
("C:\Program Files (x86)\MiKTeX 2.9\tex\latex\hyperref\nameref.sty"
Package: nameref 2012/10/27 v2.43 Cross-referencing by name of section

("C:\Program Files (x86)\MiKTeX 2.9\tex\generic\oberdiek\gettitlestring.sty"
Package: gettitlestring 2010/12/03 v1.4 Cleanup title references (HO)
)
\c@section@level=\count122
)
LaTeX Info: Redefining \ref on input line 23.
LaTeX Info: Redefining \pageref on input line 23.
LaTeX Info: Redefining \nameref on input line 23.

("C:\Program Files (x86)\MiKTeX 2.9\tex\context\base\supp-pdf.mkii"
[Loading MPS to PDF converter (version 2006.09.02).]
\scratchcounter=\count123
\scratchdimen=\dimen136
\scratchbox=\box30
\nofMPsegments=\count124
\nofMParguments=\count125
\everyMPshowfont=\toks24
\MPscratchCnt=\count126
\MPscratchDim=\dimen137
\MPnumerator=\count127
\makeMPintoPDFobject=\count128
\everyMPtoPDFconversion=\toks25
)
Package caption Info: Begin \AtBeginDocument code.
Package caption Info: subfig package v1.3 is loaded.
Package caption Info: Incompatible package detected (regarding \caption).
(caption)             \caption = macro:->\refstepcounter \@captype \@dblarg {\@
caption \@captype }.


Package caption Warning: \caption will not be redefined since it's already
(caption)                redefined by a document class or package which is
(caption)                unknown to the caption package.
See the caption package documentation for explanation.

Package caption Info: rotating package is loaded.
Package caption Info: End \AtBeginDocument code.
LaTeX Font Info:    Try loading font information for U+msa on input line 27.
("C:\Program Files (x86)\MiKTeX 2.9\tex\latex\amsfonts\umsa.fd"
File: umsa.fd 2013/01/14 v3.01 AMS symbols A
)
LaTeX Font Info:    Try loading font information for U+msb on input line 27.

("C:\Program Files (x86)\MiKTeX 2.9\tex\latex\amsfonts\umsb.fd"
File: umsb.fd 2013/01/14 v3.01 AMS symbols B
)
! Misplaced \crcr.
\endtabular ->\crcr 
                    \egroup \egroup $\egroup 
l.30 \newauthor
               
? R
OK, entering \nonstopmode...
! Too many }'s.
\endtabular ->\crcr \egroup \egroup 
                                    $\egroup 
l.30 \newauthor
               
You've closed more groups than you opened.
Such booboos are generally harmless, so keep going.

! Extra }, or forgotten $.
<recently read> \egroup 
                        
l.30 \newauthor
               
I've deleted a group-closing symbol because it seems to be
spurious, as in `$x}$'. But perhaps the } is legitimate and
you forgot something else, as in `\hbox{$x}'. In such cases
the way to recover is to insert both the forgotten and the
deleted material, e.g., by typing `I$}'.


! LaTeX Error: \begin{document} ended by \end{tabular}.

See the LaTeX manual or LaTeX Companion for explanation.
Type  H <return>  for immediate help.
 ...                                              
                                                  
l.30 \newauthor
               
Your command was ignored.
Type  I <command> <return>  to replace it with another command,
or  <return>  to continue without it.

! Missing $ inserted.
<inserted text> 
                $
l.30 \newauthor
               
I've inserted something that you may have forgotten.
(See the <inserted text> above.)
With luck, this will get me unwedged. But if you
really didn't forget anything, try typing `2' now; then
my insertion and my current dilemma will both disappear.

! Extra \endgroup.
<recently read> \endgroup 
                          
l.30 \newauthor
               
Things are pretty mixed up, but I think the worst is over.

! Missing \endgroup inserted.
<inserted text> 
                \endgroup 
l.46 \maketitle
               
I've inserted something that you may have forgotten.
(See the <inserted text> above.)
With luck, this will get me unwedged. But if you
really didn't forget anything, try typing `2' now; then
my insertion and my current dilemma will both disappear.

! Missing } inserted.
<inserted text> 
                }
l.46 \maketitle
               
I've inserted something that you may have forgotten.
(See the <inserted text> above.)
With luck, this will get me unwedged. But if you
really didn't forget anything, try typing `2' now; then
my insertion and my current dilemma will both disappear.

! Missing \cr inserted.
<inserted text> 
                \cr 
l.46 \maketitle
               
I'm guessing that you meant to end an alignment here.

! Missing { inserted.
<inserted text> 
                {
l.46 \maketitle
               
I've put in what seems to be necessary to fix
the current column of the current alignment.
Try to go on, since this might almost work.

Runaway argument?
! Paragraph ended before \@authorone was complete.
<to be read again> 
                   \par 
l.46 \maketitle
               
I suspect you've forgotten a `}', causing me to apply this
control sequence to too much text. How can we recover?
My plan is to forget the whole thing and hope for the best.

! Missing } inserted.
<inserted text> 
                }
l.46 \maketitle
               
I've inserted something that you may have forgotten.
(See the <inserted text> above.)
With luck, this will get me unwedged. But if you
really didn't forget anything, try typing `2' now; then
my insertion and my current dilemma will both disappear.

! Missing $ inserted.
<inserted text> 
                $
l.46 \maketitle
               
I've inserted something that you may have forgotten.
(See the <inserted text> above.)
With luck, this will get me unwedged. But if you
really didn't forget anything, try typing `2' now; then
my insertion and my current dilemma will both disappear.

! Missing } inserted.
<inserted text> 
                }
l.46 \maketitle
               
I've inserted something that you may have forgotten.
(See the <inserted text> above.)
With luck, this will get me unwedged. But if you
really didn't forget anything, try typing `2' now; then
my insertion and my current dilemma will both disappear.


Overfull \hbox (241.40988pt too wide) in paragraph at lines 30--47
[][]
 []


Underfull \hbox (badness 10000) in paragraph at lines 30--47

 []


Overfull \vbox (354.5807pt too high) has occurred while \output is active []


Underfull \vbox (badness 10000) has occurred while \output is active []

LaTeX Font Info:    Try loading font information for OMS+cmr on input line 128.


("C:\Program Files (x86)\MiKTeX 2.9\tex\latex\base\omscmr.fd"
File: omscmr.fd 1999/05/25 v2.5h Standard LaTeX font definitions
)
LaTeX Font Info:    Font shape `OMS/cmr/m/n' in size <8> not available
(Font)              Font shape `OMS/cmsy/m/n' tried instead on input line 128.
 [1{C:/ProgramData/MiKTeX/2.9/pdftex/config/pdftex.map}




]
LaTeX Font Info:    Font shape `OMS/cmr/m/n' in size <9> not available
(Font)              Font shape `OMS/cmsy/m/n' tried instead on input line 140.
 [2]
<masscut_cNFW_d200.pdf, id=26, 433.62pt x 289.08pt>
File: masscut_cNFW_d200.pdf Graphic file (type pdf)

<use masscut_cNFW_d200.pdf>
Package pdftex.def Info: masscut_cNFW_d200.pdf used on input line 273.
(pdftex.def)             Requested size: 252.0pt x 168.00174pt.

Overfull \hbox (12.0pt too wide) in paragraph at lines 273--281
 [][] 
 []

<masscut_cV_d200.pdf, id=27, 433.62pt x 289.08pt>
File: masscut_cV_d200.pdf Graphic file (type pdf)
 <use masscut_cV_d200.pdf>
Package pdftex.def Info: masscut_cV_d200.pdf used on input line 290.
(pdftex.def)             Requested size: 252.0pt x 168.00174pt.

Overfull \hbox (12.0pt too wide) in paragraph at lines 290--299
 [][] 
 []

<cvvscnfw_relation.pdf, id=28, 433.62pt x 289.08pt>
File: cvvscnfw_relation.pdf Graphic file (type pdf)

<use cvvscnfw_relation.pdf>
Package pdftex.def Info: cvvscnfw_relation.pdf used on input line 307.
(pdftex.def)             Requested size: 252.0pt x 168.00174pt.

Overfull \hbox (12.0pt too wide) in paragraph at lines 307--314
 [][] 
 []


Underfull \vbox (badness 2662) has occurred while \output is active []

 [3 <C:/Users/Antonio/Documents/haloenviron/haloenviron-villarrealzentner/massc
ut_cNFW_d200.pdf>]
Underfull \vbox (badness 10000) has occurred while \output is active []


<masscut_shape_d200.pdf, id=77, 433.62pt x 289.08pt>
File: masscut_shape_d200.pdf Graphic file (type pdf)

<use masscut_shape_d200.pdf>
Package pdftex.def Info: masscut_shape_d200.pdf used on input line 339.
(pdftex.def)             Requested size: 252.0pt x 168.00174pt.

Overfull \hbox (12.0pt too wide) in paragraph at lines 339--351
 [][] 
 []

<masscut_spin_d200.pdf, id=78, 433.62pt x 289.08pt>
File: masscut_spin_d200.pdf Graphic file (type pdf)

<use masscut_spin_d200.pdf>
Package pdftex.def Info: masscut_spin_d200.pdf used on input line 373.
(pdftex.def)             Requested size: 252.0pt x 168.00174pt.

Overfull \hbox (12.0pt too wide) in paragraph at lines 373--389
 [][] 
 []

[4 <C:/Users/Antonio/Documents/haloenviron/haloenviron-villarrealzentner/masscu
t_cV_d200.pdf> <C:/Users/Antonio/Documents/haloenviron/haloenviron-villarrealze
ntner/cvvscnfw_relation.pdf

pdfTeX warning: pdflatex.exe (file C:/Users/Antonio/Documents/haloenviron/haloe
nviron-villarrealzentner/cvvscnfw_relation.pdf): PDF inclusion: multiple pdfs w
ith page group included in a single page
> <C:/Users/Antonio/Documents/haloenviron/haloenviron-villarrealzentner/masscut
_shape_d200.pdf

pdfTeX warning: pdflatex.exe (file C:/Users/Antonio/Documents/haloenviron/haloe
nviron-villarrealzentner/masscut_shape_d200.pdf): PDF inclusion: multiple pdfs 
with page group included in a single page
>] [5 <C:/Users/Antonio/Documents/haloenviron/haloenviron-villarrealzentner/mas
scut_spin_d200.pdf>]
Underfull \vbox (badness 10000) has occurred while \output is active []


Underfull \vbox (badness 10000) has occurred while \output is active []

 [6]
[7]
Underfull \hbox (badness 3179) in paragraph at lines 668--674
[]\OT1/cmr/m/n/9 Notice that in all pan-els of Fig. 6, the ef-fect
 []

<all_cfcompare_cnfw.pdf, id=259, 433.62pt x 1084.05pt>
File: all_cfcompare_cnfw.pdf Graphic file (type pdf)

<use all_cfcompare_cnfw.pdf>
Package pdftex.def Info: all_cfcompare_cnfw.pdf used on input line 679.
(pdftex.def)             Requested size: 201.59692pt x 503.99535pt.


LaTeX Warning: Float too large for page by 175.99535pt on input line 706.


Underfull \vbox (badness 3690) has occurred while \output is active []

 [8 <C:/Users/Antonio/Documents/haloenviron/haloenviron-villarrealzentner/all_c
fcompare_cnfw.pdf>] <all_mcf_cNFW.pdf, id=333, 433.62pt x 1084.05pt>
File: all_mcf_cNFW.pdf Graphic file (type pdf)

<use all_mcf_cNFW.pdf>
Package pdftex.def Info: all_mcf_cNFW.pdf used on input line 740.
(pdftex.def)             Requested size: 201.59692pt x 503.99535pt.
 <all_mcf_cV.pdf, id=334, 433.62pt x 1084.05pt>
File: all_mcf_cV.pdf Graphic file (type pdf)

<use all_mcf_cV.pdf>
Package pdftex.def Info: all_mcf_cV.pdf used on input line 786.
(pdftex.def)             Requested size: 201.59692pt x 503.99535pt.


LaTeX Warning: Reference `fig:matched_shapecomp' on page 9 undefined on input l
ine 808.

<matched_catalog_shapecomp.pdf, id=335, 433.62pt x 289.08pt>
File: matched_catalog_shapecomp.pdf Graphic file (type pdf)

<use matched_catalog_shapecomp.pdf>
Package pdftex.def Info: matched_catalog_shapecomp.pdf used on input line 821.
(pdftex.def)             Requested size: 201.59692pt x 134.39874pt.
 [9 <C:/Users/Antonio/Documents/haloenviron/haloenviron-villarrealzentner/all_m
cf_cNFW.pdf>]
<all_mcf_shape.pdf, id=404, 433.62pt x 1084.05pt>
File: all_mcf_shape.pdf Graphic file (type pdf)
 <use all_mcf_shape.pdf>
Package pdftex.def Info: all_mcf_shape.pdf used on input line 846.
(pdftex.def)             Requested size: 201.59692pt x 503.99535pt.

<all_mcf_spin.pdf, id=405, 433.62pt x 1084.05pt>
File: all_mcf_spin.pdf Graphic file (type pdf)
 <use all_mcf_spin.pdf>
Package pdftex.def Info: all_mcf_spin.pdf used on input line 863.
(pdftex.def)             Requested size: 201.59692pt x 503.99535pt.

<all_mcf_nsat.pdf, id=406, 433.62pt x 1084.05pt>
File: all_mcf_nsat.pdf Graphic file (type pdf)
 <use all_mcf_nsat.pdf>
Package pdftex.def Info: all_mcf_nsat.pdf used on input line 881.
(pdftex.def)             Requested size: 201.59692pt x 503.99535pt.

[10 <C:/Users/Antonio/Documents/haloenviron/haloenviron-villarrealzentner/all_m
cf_cV.pdf> <C:/Users/Antonio/Documents/haloenviron/haloenviron-villarrealzentne
r/matched_catalog_shapecomp.pdf

pdfTeX warning: pdflatex.exe (file C:/Users/Antonio/Documents/haloenviron/haloe
nviron-villarrealzentner/matched_catalog_shapecomp.pdf): PDF inclusion: multipl
e pdfs with page group included in a single page
>]
Underfull \vbox (badness 10000) has occurred while \output is active []

 [11 <C:/Users/Antonio/Documents/haloenviron/haloenviron-villarrealzentner/all_
mcf_shape.pdf> <C:/Users/Antonio/Documents/haloenviron/haloenviron-villarrealze
ntner/all_mcf_spin.pdf

pdfTeX warning: pdflatex.exe (file C:/Users/Antonio/Documents/haloenviron/haloe
nviron-villarrealzentner/all_mcf_spin.pdf): PDF inclusion: multiple pdfs with p
age group included in a single page
>]
Underfull \hbox (badness 4072) in paragraph at lines 919--920
\OT1/cmr/bx/n/9 [ARZ: Re-peat-ing this com-ment here be-cause
 []


Underfull \hbox (badness 3229) in paragraph at lines 919--920
\OT1/cmr/bx/n/9 of its im-por-tance. Look in the lit-er-a-ture to
 []


Underfull \hbox (badness 1383) in paragraph at lines 919--920
\OT1/cmr/bx/n/9 see if spin-dependent halo clus-ter-ing has been
 []


Underfull \hbox (badness 6380) in paragraph at lines 919--920
\OT1/cmr/bx/n/9 mea-sured in the lit-er-a-ture be-fore. Look at
 []


Underfull \hbox (badness 2088) in paragraph at lines 921--929
\OT1/cmr/m/n/9 i-ni-tions halo clus-ter-ing strength is a strong func-tion
 []

[12 <C:/Users/Antonio/Documents/haloenviron/haloenviron-villarrealzentner/all_m
cf_nsat.pdf>]
Underfull \hbox (badness 4967) in paragraph at lines 947--959
[]\OT1/cmr/m/n/9 Clearly, the halo def-i-ni-tion that best mit-i-gates
 []

<test_splashback.pdf, id=735, 433.62pt x 289.08pt>
File: test_splashback.pdf Graphic file (type pdf)
 <use test_splashback.pdf>
Package pdftex.def Info: test_splashback.pdf used on input line 962.
(pdftex.def)             Requested size: 201.59692pt x 134.39874pt.

<matched_catalog_cnfwcomp.pdf, id=736, 433.62pt x 289.08pt>
File: matched_catalog_cnfwcomp.pdf Graphic file (type pdf)

<use matched_catalog_cnfwcomp.pdf>
Package pdftex.def Info: matched_catalog_cnfwcomp.pdf used on input line 1021.
(pdftex.def)             Requested size: 201.59692pt x 134.39874pt.
 [13 <C:/Users/Antonio/Documents/haloenviron/haloenviron-villarrealzentner/test
_splashback.pdf> <C:/Users/Antonio/Documents/haloenviron/haloenviron-villarreal
zentner/matched_catalog_cnfwcomp.pdf

pdfTeX warning: pdflatex.exe (file C:/Users/Antonio/Documents/haloenviron/haloe
nviron-villarrealzentner/matched_catalog_cnfwcomp.pdf): PDF inclusion: multiple
 pdfs with page group included in a single page
>] <match_mcf_cNFW.pdf, id=852, 433.62pt x 1084.05pt>
File: match_mcf_cNFW.pdf Graphic file (type pdf)
 <use match_mcf_cNFW.pdf>
Package pdftex.def Info: match_mcf_cNFW.pdf used on input line 1065.
(pdftex.def)             Requested size: 201.59692pt x 503.99535pt.

Underfull \vbox (badness 10000) has occurred while \output is active []

 [14 <C:/Users/Antonio/Documents/haloenviron/haloenviron-villarrealzentner/matc
h_mcf_cNFW.pdf>] <match_mcf_cV.pdf, id=921, 433.62pt x 1084.05pt>
File: match_mcf_cV.pdf Graphic file (type pdf)
 <use match_mcf_cV.pdf>
Package pdftex.def Info: match_mcf_cV.pdf used on input line 1106.
(pdftex.def)             Requested size: 201.59692pt x 503.99535pt.

<plotcircles.pdf, id=922, 433.62pt x 289.08pt>
File: plotcircles.pdf Graphic file (type pdf)
 <use plotcircles.pdf>
Package pdftex.def Info: plotcircles.pdf used on input line 1147.
(pdftex.def)             Requested size: 453.59692pt x 302.41373pt.

Underfull \vbox (badness 6380) has occurred while \output is active []

 [15 <C:/Users/Antonio/Documents/haloenviron/haloenviron-villarrealzentner/matc
h_mcf_cV.pdf>] [16 <C:/Users/Antonio/Documents/haloenviron/haloenviron-villarre
alzentner/plotcircles.pdf>]
(C:\Users\Antonio\Documents\haloenviron\haloenviron-villarrealzentner\villarrea
lzentner2015.bbl
Underfull \hbox (badness 10000) in paragraph at lines 128--131
[]\OT1/cmr/m/n/8 Fisher J. D., Fal-tenbacher A., 2016, preprint,
 []


Underfull \vbox (badness 3179) has occurred while \output is active []

 [17])

LaTeX Warning: Reference `fig:hvl_cfcompare' on page 18 undefined on input line
 1241.


LaTeX Warning: Reference `fig:hvl_mcf_nsat' on page 18 undefined on input line 
1241.

Package atveryend Info: Empty hook `BeforeClearDocument' on input line 1252.
[18]
Package atveryend Info: Empty hook `AfterLastShipout' on input line 1252.

(C:\Users\Antonio\Documents\haloenviron\haloenviron-villarrealzentner\villarrea
lzentner2015.aux)
Package atveryend Info: Empty hook `AtVeryEndDocument' on input line 1252.
Package atveryend Info: Empty hook `AtEndAfterFileList' on input line 1252.


LaTeX Warning: There were undefined references.


LaTeX Warning: There were multiply-defined labels.

Package atveryend Info: Empty hook `AtVeryVeryEnd' on input line 1252.
 ) 
Here is how much of TeX's memory you used:
 9100 strings out of 493921
 133815 string characters out of 3144870
 256200 words of memory out of 3000000
 12271 multiletter control sequences out of 15000+200000
 17896 words of font info for 66 fonts, out of 3000000 for 9000
 841 hyphenation exceptions out of 8191
 44i,13n,42p,1389b,560s stack positions out of 5000i,500n,10000p,200000b,50000s
<C:/Program Files (x86)/MiKTeX 2.9/fonts/type1/public/amsfonts/cm/cmbx10.pfb>
<C:/Program Files (x86)/MiKTeX 2.9/fonts/type1/public/amsfonts/cm/cmbx8.pfb><C:
/Program Files (x86)/MiKTeX 2.9/fonts/type1/public/amsfonts/cm/cmbx9.pfb><C:/Pr
ogram Files (x86)/MiKTeX 2.9/fonts/type1/public/amsfonts/cmextra/cmex9.pfb><C:/
Program Files (x86)/MiKTeX 2.9/fonts/type1/public/amsfonts/cm/cmmi6.pfb><C:/Pro
gram Files (x86)/MiKTeX 2.9/fonts/type1/public/amsfonts/cm/cmmi8.pfb><C:/Progra
m Files (x86)/MiKTeX 2.9/fonts/type1/public/amsfonts/cm/cmmi9.pfb><C:/Program F
iles (x86)/MiKTeX 2.9/fonts/type1/public/amsfonts/cm/cmr10.pfb><C:/Program File
s (x86)/MiKTeX 2.9/fonts/type1/public/amsfonts/cm/cmr12.pfb><C:/Program Files (
x86)/MiKTeX 2.9/fonts/type1/public/amsfonts/cm/cmr5.pfb><C:/Program Files (x86)
/MiKTeX 2.9/fonts/type1/public/amsfonts/cm/cmr6.pfb><C:/Program Files (x86)/MiK
TeX 2.9/fonts/type1/public/amsfonts/cm/cmr8.pfb><C:/Program Files (x86)/MiKTeX 
2.9/fonts/type1/public/amsfonts/cm/cmr9.pfb><C:/Program Files (x86)/MiKTeX 2.9/
fonts/type1/public/amsfonts/cm/cmsy6.pfb><C:/Program Files (x86)/MiKTeX 2.9/fon
ts/type1/public/amsfonts/cm/cmsy8.pfb><C:/Program Files (x86)/MiKTeX 2.9/fonts/
type1/public/amsfonts/cm/cmsy9.pfb><C:/Program Files (x86)/MiKTeX 2.9/fonts/typ
e1/public/amsfonts/cm/cmti12.pfb><C:/Program Files (x86)/MiKTeX 2.9/fonts/type1
/public/amsfonts/cm/cmti8.pfb><C:/Program Files (x86)/MiKTeX 2.9/fonts/type1/pu
blic/amsfonts/cm/cmti9.pfb><C:/Program Files (x86)/MiKTeX 2.9/fonts/type1/publi
c/amsfonts/cm/cmtt8.pfb><C:/Program Files (x86)/MiKTeX 2.9/fonts/type1/public/a
msfonts/cm/cmtt9.pfb><C:/Program Files (x86)/MiKTeX 2.9/fonts/type1/public/amsf
onts/symbols/msam10.pfb>
Output written on villarrealzentner2015.pdf (18 pages, 953847 bytes).
PDF statistics:
 1106 PDF objects out of 1200 (max. 8388607)
 0 named destinations out of 1000 (max. 500000)
 86 words of extra memory for PDF output out of 10000 (max. 10000000)

